2023-09-16 08:39:04,174 DEBUG    root            Loaded Command Group: ['gcloud', 'config']
2023-09-16 08:39:04,175 DEBUG    root            Loaded Command Group: ['gcloud', 'config', 'config_helper']
2023-09-16 08:39:04,176 DEBUG    root            Running [gcloud.config.config-helper] with arguments: [--format: "json"]
2023-09-16 08:39:04,178 DEBUG    root            Chosen display Format:default json
2023-09-16 08:39:04,178 INFO     root            Display format: "default json"
2023-09-16 08:39:04,178 INFO     ___FILE_ONLY___ {
  "configuration": {
    "active_configuration": "graphql-nest-next",
    "properties": {
      "core": {
        "account": "ken12rug@gmail.com",
        "disable_usage_reporting": "False",
        "project": "graphql-nest-next"
      }
    }
  },
  "credential": {
    "access_token": "ya29.a0AfB_byBy_QW3E_paPSxZYIt3iY_IGNVkFcI5zTeN55YRlFJk__XBTFi1Fv2FeRVbiCBT4QK1YlHXjimzbJp-xmu5zWw3XQSYiemmRA4nclQj_y9dZCQ4OYvRQYQ3vYljjGXolioj7lYHDUoymAi31PvF6yg1aHuh4jTNzdKVVXwaCgYKAd0SARASFQGOcNnCHI2ZeZs2LJKHlziyeva2xA0178",
    "id_token": "eyJhbGciOiJSUzI1NiIsImtpZCI6IjdjMGI2OTEzZmUxMzgyMGEzMzMzOTlhY2U0MjZlNzA1MzVhOWEwYmYiLCJ0eXAiOiJKV1QifQ.eyJpc3MiOiJodHRwczovL2FjY291bnRzLmdvb2dsZS5jb20iLCJhenAiOiIzMjU1NTk0MDU1OS5hcHBzLmdvb2dsZXVzZXJjb250ZW50LmNvbSIsImF1ZCI6IjMyNTU1OTQwNTU5LmFwcHMuZ29vZ2xldXNlcmNvbnRlbnQuY29tIiwic3ViIjoiMTA2MDkzNDE1MjU5NDE5MDYwMTc5IiwiZW1haWwiOiJrZW4xMnJ1Z0BnbWFpbC5jb20iLCJlbWFpbF92ZXJpZmllZCI6dHJ1ZSwiYXRfaGFzaCI6ImpSSDV6YnpzNjZTRnl2Y0UwNXRrVHciLCJpYXQiOjE2OTQ4MjA4NzUsImV4cCI6MTY5NDgyNDQ3NX0.afbFE5-OCZ9EkpENJhx1Xi1vAlS8yD64gYFu36kI7bhdkeAawezGw3P8dNZeSI3w82F7VAL19I7lKyKtQj-mAGaP644kOEklA0G2r-Dxfq95XUQJkOmKMa4DFgyAJkTmKJFckY1ad4Qd_LUfRTsgrkLFx3X2ui9E6rnhUX7pRyRWPKW7YaOYufjdrBau5t0YECkW_Wks15kK67P_fKH48R2hZ06cHCVFXOlNQHaIsy7xUEuDMkJEmcvjsmPAmKBYlZuQqyoQIINiw8bCRh1kS6weKKfdApnm9DOO0qbe_1hc89Hz9rtpGQ0iOiSJentLIZpD5iTmg5XCnpbaB3A72Q",
    "token_expiry": "2023-09-16T00:34:30Z"
  },
  "sentinels": {
    "config_sentinel": "/Users/masukokenya/.config/gcloud/config_sentinel"
  }
}
2023-09-16 08:39:04,178 INFO     ___FILE_ONLY___ 

2023-09-16 08:39:04,179 DEBUG    root            [Errno 32] Broken pipe
Traceback (most recent call last):
  File "/Users/masukokenya/google-cloud-sdk/lib/googlecloudsdk/calliope/cli.py", line 987, in Execute
    resources = calliope_command.Run(cli=self, args=args)
  File "/Users/masukokenya/google-cloud-sdk/lib/googlecloudsdk/calliope/backend.py", line 808, in Run
    resources = display.Displayer(command_instance, args, resources,
  File "/Users/masukokenya/google-cloud-sdk/lib/googlecloudsdk/calliope/display.py", line 491, in Display
    log.out.flush()
  File "/Users/masukokenya/google-cloud-sdk/lib/googlecloudsdk/core/log.py", line 247, in flush
    self.__stream_wrapper.stream.flush()
BrokenPipeError: [Errno 32] Broken pipe
2023-09-16 08:39:04,181 DEBUG    root            Metrics reporting process started...
