2023-09-12 00:33:58,355 DEBUG    root            Loaded Command Group: ['gcloud', 'iam']
2023-09-12 00:33:58,357 DEBUG    root            Loaded Command Group: ['gcloud', 'iam', 'service_accounts']
2023-09-12 00:33:58,359 DEBUG    root            Loaded Command Group: ['gcloud', 'iam', 'service-accounts', 'list']
2023-09-12 00:33:58,360 DEBUG    root            Running [gcloud.iam.service-accounts.list] with arguments: []
2023-09-12 00:33:58,360 DEBUG    root            Chosen display Format:table(displayName:label="DISPLAY NAME", email, disabled)
2023-09-12 00:33:58,361 INFO     root            Display format: "table(displayName:label="DISPLAY NAME", email, disabled)"
2023-09-12 00:33:58,373 DEBUG    google.auth.transport.requests Making request: POST https://oauth2.googleapis.com/token
2023-09-12 00:33:58,674 DEBUG    urllib3.connectionpool Starting new HTTPS connection (1): oauth2.googleapis.com:443
2023-09-12 00:33:59,332 DEBUG    urllib3.connectionpool https://oauth2.googleapis.com:443 "POST /token HTTP/1.1" 200 None
2023-09-12 00:33:59,707 DEBUG    urllib3.connectionpool Starting new HTTPS connection (1): iam.googleapis.com:443
2023-09-12 00:34:00,929 DEBUG    urllib3.connectionpool https://iam.googleapis.com:443 "GET /v1/projects/graphql-nest-next/serviceAccounts?alt=json&pageSize=100 HTTP/1.1" 200 None
2023-09-12 00:34:00,936 INFO     ___FILE_ONLY___ DISPLAY NAME
2023-09-12 00:34:00,936 INFO     ___FILE_ONLY___                             
2023-09-12 00:34:00,936 INFO     ___FILE_ONLY___ EMAIL
2023-09-12 00:34:00,936 INFO     ___FILE_ONLY___                                                 
2023-09-12 00:34:00,937 INFO     ___FILE_ONLY___ DISABLED
2023-09-12 00:34:00,937 INFO     ___FILE_ONLY___ 

2023-09-12 00:34:00,937 INFO     ___FILE_ONLY___ Compute Engine default service account
2023-09-12 00:34:00,937 INFO     ___FILE_ONLY___   
2023-09-12 00:34:00,937 INFO     ___FILE_ONLY___ 16182530751-compute@developer.gserviceaccount.com
2023-09-12 00:34:00,937 INFO     ___FILE_ONLY___     
2023-09-12 00:34:00,937 INFO     ___FILE_ONLY___ False
2023-09-12 00:34:00,937 INFO     ___FILE_ONLY___ 

2023-09-12 00:34:00,937 INFO     ___FILE_ONLY___ user1
2023-09-12 00:34:00,938 INFO     ___FILE_ONLY___                                    
2023-09-12 00:34:00,938 INFO     ___FILE_ONLY___ user1-750@graphql-nest-next.iam.gserviceaccount.com
2023-09-12 00:34:00,938 INFO     ___FILE_ONLY___   
2023-09-12 00:34:00,938 INFO     ___FILE_ONLY___ False
2023-09-12 00:34:00,938 INFO     ___FILE_ONLY___ 

2023-09-12 00:34:00,940 DEBUG    root            Checking for updates...
2023-09-12 00:34:01,173 DEBUG    urllib3.connectionpool Starting new HTTPS connection (1): dl.google.com:443
2023-09-12 00:34:01,895 DEBUG    urllib3.connectionpool https://dl.google.com:443 "GET /dl/cloudsdk/channels/rapid/components-2.json HTTP/1.1" 200 209937
2023-09-12 00:34:01,943 INFO     ___FILE_ONLY___ 

Updates are available for some Google Cloud CLI components.  To install them,
please run:
  $ gcloud components update


2023-09-12 00:34:01,948 DEBUG    root            Metrics reporting process started...
