2023-09-12 01:02:25,231 DEBUG    root            Loaded Command Group: ['gcloud', 'sql']
2023-09-12 01:02:25,232 DEBUG    root            Loaded Command Group: ['gcloud', 'sql', 'users']
2023-09-12 01:02:25,241 DEBUG    root            Loaded Command Group: ['gcloud', 'sql', 'users', 'list']
2023-09-12 01:02:25,242 DEBUG    root            Running [gcloud.sql.users.list] with arguments: [--instance: "blog-training-db"]
2023-09-12 01:02:25,674 DEBUG    urllib3.connectionpool Starting new HTTPS connection (1): sqladmin.googleapis.com:443
2023-09-12 01:02:26,690 DEBUG    urllib3.connectionpool https://sqladmin.googleapis.com:443 "GET /sql/v1beta4/projects/graphql-nest-next/instances/blog-training-db/users?alt=json HTTP/1.1" 200 None
2023-09-12 01:02:26,694 DEBUG    root            Chosen display Format:
      table(
        name.yesno(no='(anonymous)'),
        host,
        type.yesno(no='BUILT_IN'),
        
        passwordPolicy
      )
    
2023-09-12 01:02:26,696 INFO     root            Display format: "
      table(
        name.yesno(no='(anonymous)'),
        host,
        type.yesno(no='BUILT_IN'),
        
        passwordPolicy
      )
    "
2023-09-12 01:02:26,698 INFO     ___FILE_ONLY___ NAME
2023-09-12 01:02:26,698 INFO     ___FILE_ONLY___                            
2023-09-12 01:02:26,698 INFO     ___FILE_ONLY___ HOST
2023-09-12 01:02:26,698 INFO     ___FILE_ONLY___   
2023-09-12 01:02:26,698 INFO     ___FILE_ONLY___ TYPE
2023-09-12 01:02:26,698 INFO     ___FILE_ONLY___                        
2023-09-12 01:02:26,698 INFO     ___FILE_ONLY___ PASSWORD_POLICY
2023-09-12 01:02:26,698 INFO     ___FILE_ONLY___ 

2023-09-12 01:02:26,698 INFO     ___FILE_ONLY___ 16182530751-compute@developer
2023-09-12 01:02:26,698 INFO     ___FILE_ONLY___         
2023-09-12 01:02:26,698 INFO     ___FILE_ONLY___ CLOUD_IAM_SERVICE_ACCOUNT
2023-09-12 01:02:26,698 INFO     ___FILE_ONLY___ 

2023-09-12 01:02:26,699 INFO     ___FILE_ONLY___ postgres
2023-09-12 01:02:26,699 INFO     ___FILE_ONLY___                              
2023-09-12 01:02:26,699 INFO     ___FILE_ONLY___ BUILT_IN
2023-09-12 01:02:26,699 INFO     ___FILE_ONLY___ 

2023-09-12 01:02:26,766 DEBUG    root            Metrics reporting process started...
