2023-09-09 08:26:29,070 DEBUG    root            Loaded Command Group: ['gcloud', 'auth']
2023-09-09 08:26:29,074 DEBUG    root            Loaded Command Group: ['gcloud', 'auth', 'login']
2023-09-09 08:26:29,075 DEBUG    root            Running [gcloud.auth.login] with arguments: []
2023-09-09 08:26:29,082 DEBUG    requests_oauthlib.oauth2_session Generated new state zRLbBObN9COXh81sxDanofz27PZo15.
2023-09-09 08:26:29,243 INFO     ___FILE_ONLY___ Your browser has been opened to visit:

    https://accounts.google.com/o/oauth2/auth?response_type=code&client_id=32555940559.apps.googleusercontent.com&redirect_uri=http%3A%2F%2Flocalhost%3A8085%2F&scope=openid+https%3A%2F%2Fwww.googleapis.com%2Fauth%2Fuserinfo.email+https%3A%2F%2Fwww.googleapis.com%2Fauth%2Fcloud-platform+https%3A%2F%2Fwww.googleapis.com%2Fauth%2Fappengine.admin+https%3A%2F%2Fwww.googleapis.com%2Fauth%2Fsqlservice.login+https%3A%2F%2Fwww.googleapis.com%2Fauth%2Fcompute+https%3A%2F%2Fwww.googleapis.com%2Fauth%2Faccounts.reauth&state=zRLbBObN9COXh81sxDanofz27PZo15&access_type=offline&code_challenge=2e-i9snp5ro6Kjq_-kB3do2xRgNoetVjS3ISmAoddKQ&code_challenge_method=S256


2023-09-09 08:26:35,738 INFO     google_auth_oauthlib.flow "GET /?state=zRLbBObN9COXh81sxDanofz27PZo15&code=4/0Adeu5BUbBQR33LL6hjUcPkuALrYQrOQrc43bBCvruLKvCUt9Vn3NhmN1LL69DrB2dOrdyQ&scope=email%20openid%20https://www.googleapis.com/auth/userinfo.email%20https://www.googleapis.com/auth/cloud-platform%20https://www.googleapis.com/auth/appengine.admin%20https://www.googleapis.com/auth/sqlservice.login%20https://www.googleapis.com/auth/compute%20https://www.googleapis.com/auth/accounts.reauth&authuser=1&prompt=consent HTTP/1.1" 200 959
2023-09-09 08:26:35,739 DEBUG    requests_oauthlib.oauth2_session Requesting url https://oauth2.googleapis.com/token using method POST.
2023-09-09 08:26:35,739 DEBUG    requests_oauthlib.oauth2_session Supplying headers {b'Accept': b'application/json', b'Content-Type': b'application/x-www-form-urlencoded;charset=UTF-8', b'user-agent': b'google-cloud-sdk gcloud/444.0.0 command/gcloud.auth.login invocation-id/8fb31d4690824ac282c3e59045b822eb environment/None environment-version/None client-os/MACOSX client-os-ver/22.5.0 client-pltf-arch/arm interactive/True from-script/False python/3.9.13 term/xterm-256color (Macintosh; Intel Mac OS X 22.5.0)'} and data {'grant_type': 'authorization_code', 'client_id': '32555940559.apps.googleusercontent.com', 'client_secret': 'ZmssLNjJy2998hD4CTg2ejr2', 'code': '4/0Adeu5BUbBQR33LL6hjUcPkuALrYQrOQrc43bBCvruLKvCUt9Vn3NhmN1LL69DrB2dOrdyQ', 'redirect_uri': 'http://localhost:8085/', 'code_verifier': 'cjQVx1dvGI5NyaV-JgfykMvBEolZVLhZ0kZb8LF-OWTp4QM-npXJMBLMz~dKg48Xu2-S4HnwaScB4tJ0I-dwd5Mzxf5ZDDoSf_MpPT8R3nayYU2FIF~XAXLFu_FxqS9G'}
2023-09-09 08:26:35,739 DEBUG    requests_oauthlib.oauth2_session Passing through key word arguments {'json': None, 'timeout': None, 'auth': None, 'verify': None, 'proxies': None}.
2023-09-09 08:26:35,856 DEBUG    urllib3.connectionpool Starting new HTTPS connection (1): oauth2.googleapis.com:443
2023-09-09 08:26:36,499 DEBUG    urllib3.connectionpool https://oauth2.googleapis.com:443 "POST /token HTTP/1.1" 200 None
2023-09-09 08:26:36,501 DEBUG    requests_oauthlib.oauth2_session Prepared fetch token request body grant_type=authorization_code&client_id=32555940559.apps.googleusercontent.com&client_secret=ZmssLNjJy2998hD4CTg2ejr2&code=4%2F0Adeu5BUbBQR33LL6hjUcPkuALrYQrOQrc43bBCvruLKvCUt9Vn3NhmN1LL69DrB2dOrdyQ&redirect_uri=http%3A%2F%2Flocalhost%3A8085%2F&code_verifier=cjQVx1dvGI5NyaV-JgfykMvBEolZVLhZ0kZb8LF-OWTp4QM-npXJMBLMz~dKg48Xu2-S4HnwaScB4tJ0I-dwd5Mzxf5ZDDoSf_MpPT8R3nayYU2FIF~XAXLFu_FxqS9G
2023-09-09 08:26:36,501 DEBUG    requests_oauthlib.oauth2_session Request to fetch token completed with status 200.
2023-09-09 08:26:36,502 DEBUG    requests_oauthlib.oauth2_session Request headers were {'user-agent': b'google-cloud-sdk gcloud/444.0.0 command/gcloud.auth.login invocation-id/8fb31d4690824ac282c3e59045b822eb environment/None environment-version/None client-os/MACOSX client-os-ver/22.5.0 client-pltf-arch/arm interactive/True from-script/False python/3.9.13 term/xterm-256color (Macintosh; Intel Mac OS X 22.5.0)', 'Accept-Encoding': 'gzip, deflate', 'Accept': b'application/json', 'Connection': 'keep-alive', 'Content-Type': b'application/x-www-form-urlencoded;charset=UTF-8', 'Content-Length': '387'}
2023-09-09 08:26:36,502 DEBUG    requests_oauthlib.oauth2_session Request body was grant_type=authorization_code&client_id=32555940559.apps.googleusercontent.com&client_secret=ZmssLNjJy2998hD4CTg2ejr2&code=4%2F0Adeu5BUbBQR33LL6hjUcPkuALrYQrOQrc43bBCvruLKvCUt9Vn3NhmN1LL69DrB2dOrdyQ&redirect_uri=http%3A%2F%2Flocalhost%3A8085%2F&code_verifier=cjQVx1dvGI5NyaV-JgfykMvBEolZVLhZ0kZb8LF-OWTp4QM-npXJMBLMz~dKg48Xu2-S4HnwaScB4tJ0I-dwd5Mzxf5ZDDoSf_MpPT8R3nayYU2FIF~XAXLFu_FxqS9G
2023-09-09 08:26:36,502 DEBUG    requests_oauthlib.oauth2_session Response headers were {'Cache-Control': 'no-cache, no-store, max-age=0, must-revalidate', 'Expires': 'Mon, 01 Jan 1990 00:00:00 GMT', 'Date': 'Fri, 08 Sep 2023 23:26:36 GMT', 'Pragma': 'no-cache', 'Content-Type': 'application/json; charset=utf-8', 'Vary': 'Origin, X-Origin, Referer', 'Content-Encoding': 'gzip', 'Server': 'scaffolding on HTTPServer2', 'X-XSS-Protection': '0', 'X-Frame-Options': 'SAMEORIGIN', 'X-Content-Type-Options': 'nosniff', 'Alt-Svc': 'h3=":443"; ma=2592000,h3-29=":443"; ma=2592000', 'Transfer-Encoding': 'chunked'} and content {
  "access_token": "ya29.a0AfB_byCLMOLhii6Zc9fag27akL71jieyFEEuLUbszqPZZY8BB7a_5IXdm8k-eqzC7w1san8QB_xLYU2xZLd6Yf5TKLiPp12eivpc8fjyF7lY9-IvAFoqGZt0LFUXAbApGsO2dfxA4SUK4tEgnQpjohk9OfRnyLQpxHifiNjDpgaCgYKAdsSARASFQGOcNnCOqjSFxb6fqH2mTfj3b2kxA0177",
  "expires_in": 3599,
  "refresh_token": "1//0e9mrIRf13MYsCgYIARAAGA4SNwF-L9IrrQFk-WNjsTfGW5lU5kcRX-AtWJ8KZu-Roou49ZdfSpF0NPn18bmLrgUPsrzZCHyQ6TE",
  "scope": "https://www.googleapis.com/auth/accounts.reauth openid https://www.googleapis.com/auth/cloud-platform https://www.googleapis.com/auth/compute https://www.googleapis.com/auth/userinfo.email https://www.googleapis.com/auth/sqlservice.login https://www.googleapis.com/auth/appengine.admin",
  "token_type": "Bearer",
  "id_token": "eyJhbGciOiJSUzI1NiIsImtpZCI6IjgzOGMwNmM2MjA0NmMyZDk0OGFmZmUxMzdkZDUzMTAxMjlmNGQ1ZDEiLCJ0eXAiOiJKV1QifQ.eyJpc3MiOiJodHRwczovL2FjY291bnRzLmdvb2dsZS5jb20iLCJhenAiOiIzMjU1NTk0MDU1OS5hcHBzLmdvb2dsZXVzZXJjb250ZW50LmNvbSIsImF1ZCI6IjMyNTU1OTQwNTU5LmFwcHMuZ29vZ2xldXNlcmNvbnRlbnQuY29tIiwic3ViIjoiMTA2MDkzNDE1MjU5NDE5MDYwMTc5IiwiZW1haWwiOiJrZW4xMnJ1Z0BnbWFpbC5jb20iLCJlbWFpbF92ZXJpZmllZCI6dHJ1ZSwiYXRfaGFzaCI6Ikc5VEJKc3dpUktBakgxZmJsOFJNYUEiLCJpYXQiOjE2OTQyMTU1OTYsImV4cCI6MTY5NDIxOTE5Nn0.D3ogpPwNxPCx1td7yNYp-jJWIe_TPe44B1POCGh6LBwHJzMFbt8whRSyc42RZI5NJWnalzdvkr-rUyhwO2BC0nVSBIDxYvvqGVWnSEfE6IC7C8G-LW1QXwpYD96_WrZcUGuFzeVeTqCqnQ3JfEyHsl6wVtU8iKmVRZZ1Nt7yAicb-iSY3CO-jKCssvRDYMVPhOLok-oqc3rJplvpB9rnLfHKcPN11qP4mC4zUB0vxZ49jWQA3pzw5waCJvU-Gh82LjiQrj5Ogw_rH4fVHKur0J8XKyHmIodUlWB2TdUTxMISOQSoxxh24PQc-24r8CT4Ct_2ute3A6nNMOe5XJ-1NQ"
}.
2023-09-09 08:26:36,502 DEBUG    requests_oauthlib.oauth2_session Invoking 0 token response hooks.
2023-09-09 08:26:36,502 DEBUG    requests_oauthlib.oauth2_session Obtained token {'access_token': 'ya29.a0AfB_byCLMOLhii6Zc9fag27akL71jieyFEEuLUbszqPZZY8BB7a_5IXdm8k-eqzC7w1san8QB_xLYU2xZLd6Yf5TKLiPp12eivpc8fjyF7lY9-IvAFoqGZt0LFUXAbApGsO2dfxA4SUK4tEgnQpjohk9OfRnyLQpxHifiNjDpgaCgYKAdsSARASFQGOcNnCOqjSFxb6fqH2mTfj3b2kxA0177', 'expires_in': 3599, 'refresh_token': '1//0e9mrIRf13MYsCgYIARAAGA4SNwF-L9IrrQFk-WNjsTfGW5lU5kcRX-AtWJ8KZu-Roou49ZdfSpF0NPn18bmLrgUPsrzZCHyQ6TE', 'scope': ['https://www.googleapis.com/auth/accounts.reauth', 'openid', 'https://www.googleapis.com/auth/cloud-platform', 'https://www.googleapis.com/auth/compute', 'https://www.googleapis.com/auth/userinfo.email', 'https://www.googleapis.com/auth/sqlservice.login', 'https://www.googleapis.com/auth/appengine.admin'], 'token_type': 'Bearer', 'id_token': 'eyJhbGciOiJSUzI1NiIsImtpZCI6IjgzOGMwNmM2MjA0NmMyZDk0OGFmZmUxMzdkZDUzMTAxMjlmNGQ1ZDEiLCJ0eXAiOiJKV1QifQ.eyJpc3MiOiJodHRwczovL2FjY291bnRzLmdvb2dsZS5jb20iLCJhenAiOiIzMjU1NTk0MDU1OS5hcHBzLmdvb2dsZXVzZXJjb250ZW50LmNvbSIsImF1ZCI6IjMyNTU1OTQwNTU5LmFwcHMuZ29vZ2xldXNlcmNvbnRlbnQuY29tIiwic3ViIjoiMTA2MDkzNDE1MjU5NDE5MDYwMTc5IiwiZW1haWwiOiJrZW4xMnJ1Z0BnbWFpbC5jb20iLCJlbWFpbF92ZXJpZmllZCI6dHJ1ZSwiYXRfaGFzaCI6Ikc5VEJKc3dpUktBakgxZmJsOFJNYUEiLCJpYXQiOjE2OTQyMTU1OTYsImV4cCI6MTY5NDIxOTE5Nn0.D3ogpPwNxPCx1td7yNYp-jJWIe_TPe44B1POCGh6LBwHJzMFbt8whRSyc42RZI5NJWnalzdvkr-rUyhwO2BC0nVSBIDxYvvqGVWnSEfE6IC7C8G-LW1QXwpYD96_WrZcUGuFzeVeTqCqnQ3JfEyHsl6wVtU8iKmVRZZ1Nt7yAicb-iSY3CO-jKCssvRDYMVPhOLok-oqc3rJplvpB9rnLfHKcPN11qP4mC4zUB0vxZ49jWQA3pzw5waCJvU-Gh82LjiQrj5Ogw_rH4fVHKur0J8XKyHmIodUlWB2TdUTxMISOQSoxxh24PQc-24r8CT4Ct_2ute3A6nNMOe5XJ-1NQ', 'expires_at': 1694219195.502483}.
2023-09-09 08:26:36,512 INFO     ___FILE_ONLY___ 
You are now logged in as [ken12rug@gmail.com].
Your current project is [graphql-nest-next].  You can change this setting by running:
  $ gcloud config set project PROJECT_ID

2023-09-09 08:26:36,512 DEBUG    root            Chosen display Format:none
2023-09-09 08:26:36,513 INFO     root            Display format: "none"
2023-09-09 08:26:36,525 DEBUG    root            Metrics reporting process started...
