2023-09-09 08:28:15,462 DEBUG    root            Loaded Command Group: ['gcloud', 'auth']
2023-09-09 08:28:15,463 DEBUG    root            Loaded Command Group: ['gcloud', 'auth', 'application_default']
2023-09-09 08:28:15,466 DEBUG    root            Loaded Command Group: ['gcloud', 'auth', 'application-default', 'login']
2023-09-09 08:28:15,467 DEBUG    root            Running [gcloud.auth.application-default.login] with arguments: []
2023-09-09 08:28:15,482 DEBUG    requests_oauthlib.oauth2_session Generated new state Qn33MyksF3fKWG2GSCO5GJnvbI3zz5.
2023-09-09 08:28:15,645 INFO     ___FILE_ONLY___ Your browser has been opened to visit:

    https://accounts.google.com/o/oauth2/auth?response_type=code&client_id=764086051850-6qr4p6gpi6hn506pt8ejuq83di341hur.apps.googleusercontent.com&redirect_uri=http%3A%2F%2Flocalhost%3A8085%2F&scope=openid+https%3A%2F%2Fwww.googleapis.com%2Fauth%2Fuserinfo.email+https%3A%2F%2Fwww.googleapis.com%2Fauth%2Fcloud-platform+https%3A%2F%2Fwww.googleapis.com%2Fauth%2Fsqlservice.login&state=Qn33MyksF3fKWG2GSCO5GJnvbI3zz5&access_type=offline&code_challenge=X_iTEb1hBM5r19lK3-WzU9dpnewNTB2pJIkV8r4WtEo&code_challenge_method=S256


2023-09-09 08:28:21,589 INFO     google_auth_oauthlib.flow "GET /?state=Qn33MyksF3fKWG2GSCO5GJnvbI3zz5&code=4/0Adeu5BUeV0DN-b4uDYB1YPT4gs2DzOLqaqj3o_KL9zI2MlmGpHxQ37bDIewFSd2SqsvQwg&scope=email%20openid%20https://www.googleapis.com/auth/userinfo.email%20https://www.googleapis.com/auth/cloud-platform%20https://www.googleapis.com/auth/sqlservice.login&authuser=1&prompt=consent HTTP/1.1" 200 959
2023-09-09 08:28:21,590 DEBUG    requests_oauthlib.oauth2_session Requesting url https://oauth2.googleapis.com/token using method POST.
2023-09-09 08:28:21,590 DEBUG    requests_oauthlib.oauth2_session Supplying headers {b'Accept': b'application/json', b'Content-Type': b'application/x-www-form-urlencoded;charset=UTF-8', b'user-agent': b'google-cloud-sdk gcloud/444.0.0 command/gcloud.auth.application-default.login invocation-id/8617b371cc5b4d0a973c38a7232de047 environment/None environment-version/None client-os/MACOSX client-os-ver/22.5.0 client-pltf-arch/arm interactive/True from-script/False python/3.9.13 term/xterm-256color (Macintosh; Intel Mac OS X 22.5.0)'} and data {'grant_type': 'authorization_code', 'client_id': '764086051850-6qr4p6gpi6hn506pt8ejuq83di341hur.apps.googleusercontent.com', 'client_secret': 'd-FL95Q19q7MQmFpd7hHD0Ty', 'code': '4/0Adeu5BUeV0DN-b4uDYB1YPT4gs2DzOLqaqj3o_KL9zI2MlmGpHxQ37bDIewFSd2SqsvQwg', 'redirect_uri': 'http://localhost:8085/', 'code_verifier': 'dIrkX-eYOKEOD0kGDvAROmfx.CMCCwzYlZkMt0IT8W6cz7VX_GCHMqSltBn5BRXt9SnFE.E2w3NfMgCx41FFLhcX8l.Uqf-bboBiOVGk57U-wKuUe9q-Y8~09HYlmcqu'}
2023-09-09 08:28:21,590 DEBUG    requests_oauthlib.oauth2_session Passing through key word arguments {'json': None, 'timeout': None, 'auth': None, 'verify': None, 'proxies': None}.
2023-09-09 08:28:21,856 DEBUG    urllib3.connectionpool Starting new HTTPS connection (1): oauth2.googleapis.com:443
2023-09-09 08:28:22,500 DEBUG    urllib3.connectionpool https://oauth2.googleapis.com:443 "POST /token HTTP/1.1" 200 None
2023-09-09 08:28:22,502 DEBUG    requests_oauthlib.oauth2_session Prepared fetch token request body grant_type=authorization_code&client_id=764086051850-6qr4p6gpi6hn506pt8ejuq83di341hur.apps.googleusercontent.com&client_secret=d-FL95Q19q7MQmFpd7hHD0Ty&code=4%2F0Adeu5BUeV0DN-b4uDYB1YPT4gs2DzOLqaqj3o_KL9zI2MlmGpHxQ37bDIewFSd2SqsvQwg&redirect_uri=http%3A%2F%2Flocalhost%3A8085%2F&code_verifier=dIrkX-eYOKEOD0kGDvAROmfx.CMCCwzYlZkMt0IT8W6cz7VX_GCHMqSltBn5BRXt9SnFE.E2w3NfMgCx41FFLhcX8l.Uqf-bboBiOVGk57U-wKuUe9q-Y8~09HYlmcqu
2023-09-09 08:28:22,502 DEBUG    requests_oauthlib.oauth2_session Request to fetch token completed with status 200.
2023-09-09 08:28:22,502 DEBUG    requests_oauthlib.oauth2_session Request headers were {'user-agent': b'google-cloud-sdk gcloud/444.0.0 command/gcloud.auth.application-default.login invocation-id/8617b371cc5b4d0a973c38a7232de047 environment/None environment-version/None client-os/MACOSX client-os-ver/22.5.0 client-pltf-arch/arm interactive/True from-script/False python/3.9.13 term/xterm-256color (Macintosh; Intel Mac OS X 22.5.0)', 'Accept-Encoding': 'gzip, deflate', 'Accept': b'application/json', 'Connection': 'keep-alive', 'Content-Type': b'application/x-www-form-urlencoded;charset=UTF-8', 'Content-Length': '421'}
2023-09-09 08:28:22,502 DEBUG    requests_oauthlib.oauth2_session Request body was grant_type=authorization_code&client_id=764086051850-6qr4p6gpi6hn506pt8ejuq83di341hur.apps.googleusercontent.com&client_secret=d-FL95Q19q7MQmFpd7hHD0Ty&code=4%2F0Adeu5BUeV0DN-b4uDYB1YPT4gs2DzOLqaqj3o_KL9zI2MlmGpHxQ37bDIewFSd2SqsvQwg&redirect_uri=http%3A%2F%2Flocalhost%3A8085%2F&code_verifier=dIrkX-eYOKEOD0kGDvAROmfx.CMCCwzYlZkMt0IT8W6cz7VX_GCHMqSltBn5BRXt9SnFE.E2w3NfMgCx41FFLhcX8l.Uqf-bboBiOVGk57U-wKuUe9q-Y8~09HYlmcqu
2023-09-09 08:28:22,502 DEBUG    requests_oauthlib.oauth2_session Response headers were {'Expires': 'Mon, 01 Jan 1990 00:00:00 GMT', 'Pragma': 'no-cache', 'Date': 'Fri, 08 Sep 2023 23:28:22 GMT', 'Cache-Control': 'no-cache, no-store, max-age=0, must-revalidate', 'Content-Type': 'application/json; charset=utf-8', 'Vary': 'Origin, X-Origin, Referer', 'Content-Encoding': 'gzip', 'Server': 'scaffolding on HTTPServer2', 'X-XSS-Protection': '0', 'X-Frame-Options': 'SAMEORIGIN', 'X-Content-Type-Options': 'nosniff', 'Alt-Svc': 'h3=":443"; ma=2592000,h3-29=":443"; ma=2592000', 'Transfer-Encoding': 'chunked'} and content {
  "access_token": "ya29.a0AfB_byBF40Mhr3CGgNmvS4LiCYZF0wwAl4BH9foIYLaU_JK4dKNIIoHlvBc_xSXlVG35QQ3JFqpT2LYasOlQPrFSgwcedx63rXV06z1nCCAk8AcVpTo432SyBTWVaRBpmXgBjelSP9ipOijNA78DgkZSTCBYK-sQRAaCgYKAfwSARASFQGOcNnC_i2YPsSTShmfY_goatc-tg0169",
  "expires_in": 3599,
  "refresh_token": "1//0ee80-tiEXaZVCgYIARAAGA4SNwF-L9Ir_EYLEKgH_89sGxjX-X0Q0KbzgMoqIrtdIRzXXp0pkmJRflj_DRx4VT0qTPKO7dMokvw",
  "scope": "https://www.googleapis.com/auth/cloud-platform openid https://www.googleapis.com/auth/sqlservice.login https://www.googleapis.com/auth/userinfo.email",
  "token_type": "Bearer",
  "id_token": "eyJhbGciOiJSUzI1NiIsImtpZCI6IjgzOGMwNmM2MjA0NmMyZDk0OGFmZmUxMzdkZDUzMTAxMjlmNGQ1ZDEiLCJ0eXAiOiJKV1QifQ.eyJpc3MiOiJodHRwczovL2FjY291bnRzLmdvb2dsZS5jb20iLCJhenAiOiI3NjQwODYwNTE4NTAtNnFyNHA2Z3BpNmhuNTA2cHQ4ZWp1cTgzZGkzNDFodXIuYXBwcy5nb29nbGV1c2VyY29udGVudC5jb20iLCJhdWQiOiI3NjQwODYwNTE4NTAtNnFyNHA2Z3BpNmhuNTA2cHQ4ZWp1cTgzZGkzNDFodXIuYXBwcy5nb29nbGV1c2VyY29udGVudC5jb20iLCJzdWIiOiIxMDYwOTM0MTUyNTk0MTkwNjAxNzkiLCJlbWFpbCI6ImtlbjEycnVnQGdtYWlsLmNvbSIsImVtYWlsX3ZlcmlmaWVkIjp0cnVlLCJhdF9oYXNoIjoiYm4tUGlRZkw2YnkwdW42QlBJZHl6dyIsImlhdCI6MTY5NDIxNTcwMiwiZXhwIjoxNjk0MjE5MzAyfQ.DsErLzHx-tDrnQ0kbcELzcbSyL3ZbgYCCAry8sdLDebq0Dew8HCjFza4OFNoXbQcZHt1yT0Zw3_iwAJv2SVFSuLbHa7MDojdVdJ-QYcYEvqwkAtlR9E7mTiH_DWncKHiKGDWzqnCL8RmfTKoFooFpbCwPB3Ebf9QUhSMS8kFKWMsA3BbwIj0LxNIxieXslmkcBWKKqZEb0eiqrxDn9qqNkPg7uVQvtTXjufEYqr87-0boae__dTOBsJGKo8ISxnLcB65y6Neul1jg28IYZ_a3KSz-Jlw3rgVVWMHO4LHZ7LMgbaN-4WuSjWeVqluVSqPetfdFLuSKsV__N6Ppop2NA"
}.
2023-09-09 08:28:22,502 DEBUG    requests_oauthlib.oauth2_session Invoking 0 token response hooks.
2023-09-09 08:28:22,502 DEBUG    requests_oauthlib.oauth2_session Obtained token {'access_token': 'ya29.a0AfB_byBF40Mhr3CGgNmvS4LiCYZF0wwAl4BH9foIYLaU_JK4dKNIIoHlvBc_xSXlVG35QQ3JFqpT2LYasOlQPrFSgwcedx63rXV06z1nCCAk8AcVpTo432SyBTWVaRBpmXgBjelSP9ipOijNA78DgkZSTCBYK-sQRAaCgYKAfwSARASFQGOcNnC_i2YPsSTShmfY_goatc-tg0169', 'expires_in': 3599, 'refresh_token': '1//0ee80-tiEXaZVCgYIARAAGA4SNwF-L9Ir_EYLEKgH_89sGxjX-X0Q0KbzgMoqIrtdIRzXXp0pkmJRflj_DRx4VT0qTPKO7dMokvw', 'scope': ['https://www.googleapis.com/auth/cloud-platform', 'openid', 'https://www.googleapis.com/auth/sqlservice.login', 'https://www.googleapis.com/auth/userinfo.email'], 'token_type': 'Bearer', 'id_token': 'eyJhbGciOiJSUzI1NiIsImtpZCI6IjgzOGMwNmM2MjA0NmMyZDk0OGFmZmUxMzdkZDUzMTAxMjlmNGQ1ZDEiLCJ0eXAiOiJKV1QifQ.eyJpc3MiOiJodHRwczovL2FjY291bnRzLmdvb2dsZS5jb20iLCJhenAiOiI3NjQwODYwNTE4NTAtNnFyNHA2Z3BpNmhuNTA2cHQ4ZWp1cTgzZGkzNDFodXIuYXBwcy5nb29nbGV1c2VyY29udGVudC5jb20iLCJhdWQiOiI3NjQwODYwNTE4NTAtNnFyNHA2Z3BpNmhuNTA2cHQ4ZWp1cTgzZGkzNDFodXIuYXBwcy5nb29nbGV1c2VyY29udGVudC5jb20iLCJzdWIiOiIxMDYwOTM0MTUyNTk0MTkwNjAxNzkiLCJlbWFpbCI6ImtlbjEycnVnQGdtYWlsLmNvbSIsImVtYWlsX3ZlcmlmaWVkIjp0cnVlLCJhdF9oYXNoIjoiYm4tUGlRZkw2YnkwdW42QlBJZHl6dyIsImlhdCI6MTY5NDIxNTcwMiwiZXhwIjoxNjk0MjE5MzAyfQ.DsErLzHx-tDrnQ0kbcELzcbSyL3ZbgYCCAry8sdLDebq0Dew8HCjFza4OFNoXbQcZHt1yT0Zw3_iwAJv2SVFSuLbHa7MDojdVdJ-QYcYEvqwkAtlR9E7mTiH_DWncKHiKGDWzqnCL8RmfTKoFooFpbCwPB3Ebf9QUhSMS8kFKWMsA3BbwIj0LxNIxieXslmkcBWKKqZEb0eiqrxDn9qqNkPg7uVQvtTXjufEYqr87-0boae__dTOBsJGKo8ISxnLcB65y6Neul1jg28IYZ_a3KSz-Jlw3rgVVWMHO4LHZ7LMgbaN-4WuSjWeVqluVSqPetfdFLuSKsV__N6Ppop2NA', 'expires_at': 1694219301.502775}.
2023-09-09 08:28:22,505 INFO     ___FILE_ONLY___ 
Credentials saved to file: [/Users/masukokenya/.config/gcloud/application_default_credentials.json]

2023-09-09 08:28:22,505 INFO     ___FILE_ONLY___ 
These credentials will be used by any library that requests Application Default Credentials (ADC).

2023-09-09 08:28:22,513 INFO     root            Using alternate credentials from file: [/Users/masukokenya/.config/gcloud/application_default_credentials.json]
2023-09-09 08:28:22,521 DEBUG    google.auth.transport.requests Making request: POST https://oauth2.googleapis.com/token
2023-09-09 08:28:22,524 DEBUG    urllib3.connectionpool Starting new HTTPS connection (1): oauth2.googleapis.com:443
2023-09-09 08:28:22,643 DEBUG    urllib3.connectionpool https://oauth2.googleapis.com:443 "POST /token HTTP/1.1" 200 None
2023-09-09 08:28:22,649 INFO     root            Using alternate credentials from file: [/Users/masukokenya/.config/gcloud/application_default_credentials.json]
2023-09-09 08:28:22,663 DEBUG    urllib3.connectionpool Starting new HTTPS connection (1): cloudresourcemanager.googleapis.com:443
2023-09-09 08:28:23,298 DEBUG    urllib3.connectionpool https://cloudresourcemanager.googleapis.com:443 "POST /v1/projects/graphql-nest-next:testIamPermissions?alt=json HTTP/1.1" 200 None
2023-09-09 08:28:23,301 INFO     ___FILE_ONLY___ 
Quota project "graphql-nest-next" was added to ADC which can be used by Google client libraries for billing and quota. Note that some services may still bill the project owning the resource.

2023-09-09 08:28:23,302 DEBUG    root            Chosen display Format:none
2023-09-09 08:28:23,302 INFO     root            Display format: "none"
2023-09-09 08:28:23,319 DEBUG    root            Metrics reporting process started...
