2023-09-09 08:20:02,155 DEBUG    root            Loaded Command Group: ['gcloud', 'init']
2023-09-09 08:20:02,156 DEBUG    root            Running [gcloud.init] with arguments: []
2023-09-09 08:20:02,156 INFO     ___FILE_ONLY___ Welcome! This command will take you through the configuration of gcloud.


2023-09-09 08:20:02,157 INFO     ___FILE_ONLY___ Your current configuration has been set to: [default]


2023-09-09 08:20:02,157 INFO     ___FILE_ONLY___ You can skip diagnostics next time by using the following flag:

2023-09-09 08:20:02,157 INFO     ___FILE_ONLY___   gcloud init --skip-diagnostics


2023-09-09 08:20:02,157 INFO     ___FILE_ONLY___ Network diagnostic detects and fixes local network connection issues.

2023-09-09 08:20:02,157 INFO     ___FILE_ONLY___ Checking network connection...
2023-09-09 08:20:04,642 DEBUG    urllib3.connectionpool Starting new HTTPS connection (1): accounts.google.com:443
2023-09-09 08:20:04,755 DEBUG    urllib3.connectionpool https://accounts.google.com:443 "GET / HTTP/1.1" 302 338
2023-09-09 08:20:04,812 DEBUG    urllib3.connectionpool https://accounts.google.com:443 "GET /ServiceLogin?passive=1209600&continue=https%3A%2F%2Faccounts.google.com%2F&followup=https%3A%2F%2Faccounts.google.com%2F HTTP/1.1" 302 0
2023-09-09 08:20:04,968 DEBUG    urllib3.connectionpool https://accounts.google.com:443 "GET /InteractiveLogin?continue=https://accounts.google.com/&followup=https://accounts.google.com/&passive=1209600&ifkv=AYZoVhfeLQUbU0QyRy2O1NCLrwDz_tRlVTPeh_HSfqQMF2bSmWbVXS6Y_Hohy-87K_pd6mOEiSFPyQ HTTP/1.1" 302 527
2023-09-09 08:20:05,149 DEBUG    urllib3.connectionpool https://accounts.google.com:443 "GET /v3/signin/identifier?continue=https%3A%2F%2Faccounts.google.com%2F&followup=https%3A%2F%2Faccounts.google.com%2F&ifkv=AYZoVhfMIbnjVIcZesBUEjQunw_Vlj-PK_cnYFQlJ0ge4I0rbJc9NuG3EqjgYqia68mzpCGecScTTQ&passive=1209600&flowName=WebLiteSignIn&flowEntry=ServiceLogin&dsh=S-938849076%3A1694215204951226 HTTP/1.1" 200 None
2023-09-09 08:20:05,237 DEBUG    urllib3.connectionpool Starting new HTTPS connection (1): cloudresourcemanager.googleapis.com:443
2023-09-09 08:20:05,833 DEBUG    urllib3.connectionpool https://cloudresourcemanager.googleapis.com:443 "GET /v1beta1/projects HTTP/1.1" 401 None
2023-09-09 08:20:05,840 DEBUG    urllib3.connectionpool Starting new HTTPS connection (1): www.googleapis.com:443
2023-09-09 08:20:05,943 DEBUG    urllib3.connectionpool https://www.googleapis.com:443 "GET /auth/cloud-platform HTTP/1.1" 200 14
2023-09-09 08:20:05,949 DEBUG    urllib3.connectionpool Starting new HTTPS connection (1): dl.google.com:443
2023-09-09 08:20:06,113 DEBUG    urllib3.connectionpool https://dl.google.com:443 "GET /dl/cloudsdk/channels/rapid/components-2.json HTTP/1.1" 200 209937
2023-09-09 08:20:06,225 INFO     ___FILE_ONLY___ Reachability Check passed.

2023-09-09 08:20:06,225 INFO     ___FILE_ONLY___ Network diagnostic passed (1/1 checks passed).


2023-09-09 08:20:13,900 DEBUG    root            Loaded Command Group: ['gcloud', 'auth']
2023-09-09 08:20:13,919 DEBUG    root            Loaded Command Group: ['gcloud', 'auth', 'login']
2023-09-09 08:20:13,921 INFO     root            Executing: [gcloud auth login --force --brief]
2023-09-09 08:20:13,922 DEBUG    root            Running [gcloud.auth.login] with arguments: [--brief: "True", --force: "True"]
2023-09-09 08:20:13,929 DEBUG    requests_oauthlib.oauth2_session Generated new state mvCwkgoHbA6tQDKqoSYuJXu8VV7VMv.
2023-09-09 08:20:14,150 INFO     ___FILE_ONLY___ Your browser has been opened to visit:

    https://accounts.google.com/o/oauth2/auth?response_type=code&client_id=32555940559.apps.googleusercontent.com&redirect_uri=http%3A%2F%2Flocalhost%3A8085%2F&scope=openid+https%3A%2F%2Fwww.googleapis.com%2Fauth%2Fuserinfo.email+https%3A%2F%2Fwww.googleapis.com%2Fauth%2Fcloud-platform+https%3A%2F%2Fwww.googleapis.com%2Fauth%2Fappengine.admin+https%3A%2F%2Fwww.googleapis.com%2Fauth%2Fsqlservice.login+https%3A%2F%2Fwww.googleapis.com%2Fauth%2Fcompute+https%3A%2F%2Fwww.googleapis.com%2Fauth%2Faccounts.reauth&state=mvCwkgoHbA6tQDKqoSYuJXu8VV7VMv&access_type=offline&code_challenge=iwQ44CfsLzXE0ysSqGdH_kz9r8mWu8krW8gaksDn20s&code_challenge_method=S256


2023-09-09 08:20:20,302 INFO     google_auth_oauthlib.flow "GET /?state=mvCwkgoHbA6tQDKqoSYuJXu8VV7VMv&code=4/0Adeu5BWHXgJxVlbVzmvhPwL1OOD2gO-xiI2jcglF7Hox7U8r5-SGYe0LzRv36Y2YeRebVw&scope=email%20openid%20https://www.googleapis.com/auth/userinfo.email%20https://www.googleapis.com/auth/cloud-platform%20https://www.googleapis.com/auth/appengine.admin%20https://www.googleapis.com/auth/sqlservice.login%20https://www.googleapis.com/auth/compute%20https://www.googleapis.com/auth/accounts.reauth&authuser=1&prompt=consent HTTP/1.1" 200 959
2023-09-09 08:20:20,303 DEBUG    requests_oauthlib.oauth2_session Requesting url https://oauth2.googleapis.com/token using method POST.
2023-09-09 08:20:20,303 DEBUG    requests_oauthlib.oauth2_session Supplying headers {b'Accept': b'application/json', b'Content-Type': b'application/x-www-form-urlencoded;charset=UTF-8', b'user-agent': b'google-cloud-sdk gcloud/444.0.0 command/gcloud.auth.login invocation-id/f46840e8cb1a49f990c4ffe931c1f9d5 environment/None environment-version/None client-os/MACOSX client-os-ver/22.5.0 client-pltf-arch/arm interactive/True from-script/False python/3.9.13 term/xterm-256color (Macintosh; Intel Mac OS X 22.5.0)'} and data {'grant_type': 'authorization_code', 'client_id': '32555940559.apps.googleusercontent.com', 'client_secret': 'ZmssLNjJy2998hD4CTg2ejr2', 'code': '4/0Adeu5BWHXgJxVlbVzmvhPwL1OOD2gO-xiI2jcglF7Hox7U8r5-SGYe0LzRv36Y2YeRebVw', 'redirect_uri': 'http://localhost:8085/', 'code_verifier': '1ZfRKFzIvgVF9EE~Xtv6LpXBQtLbGK2SJQx.c3.WAv_UEdLDrdj7H7Sr3f0YneLGIWruO7Dcp1GWL-m6Lsqo8nLhERbjxxXuQ8NdpZLj9OZJvNf-qvzDInu3v_F7WNMa'}
2023-09-09 08:20:20,303 DEBUG    requests_oauthlib.oauth2_session Passing through key word arguments {'json': None, 'timeout': None, 'auth': None, 'verify': None, 'proxies': None}.
2023-09-09 08:20:20,354 DEBUG    urllib3.connectionpool Starting new HTTPS connection (1): oauth2.googleapis.com:443
2023-09-09 08:20:20,986 DEBUG    urllib3.connectionpool https://oauth2.googleapis.com:443 "POST /token HTTP/1.1" 200 None
2023-09-09 08:20:20,987 DEBUG    requests_oauthlib.oauth2_session Prepared fetch token request body grant_type=authorization_code&client_id=32555940559.apps.googleusercontent.com&client_secret=ZmssLNjJy2998hD4CTg2ejr2&code=4%2F0Adeu5BWHXgJxVlbVzmvhPwL1OOD2gO-xiI2jcglF7Hox7U8r5-SGYe0LzRv36Y2YeRebVw&redirect_uri=http%3A%2F%2Flocalhost%3A8085%2F&code_verifier=1ZfRKFzIvgVF9EE~Xtv6LpXBQtLbGK2SJQx.c3.WAv_UEdLDrdj7H7Sr3f0YneLGIWruO7Dcp1GWL-m6Lsqo8nLhERbjxxXuQ8NdpZLj9OZJvNf-qvzDInu3v_F7WNMa
2023-09-09 08:20:20,988 DEBUG    requests_oauthlib.oauth2_session Request to fetch token completed with status 200.
2023-09-09 08:20:20,988 DEBUG    requests_oauthlib.oauth2_session Request headers were {'user-agent': b'google-cloud-sdk gcloud/444.0.0 command/gcloud.auth.login invocation-id/f46840e8cb1a49f990c4ffe931c1f9d5 environment/None environment-version/None client-os/MACOSX client-os-ver/22.5.0 client-pltf-arch/arm interactive/True from-script/False python/3.9.13 term/xterm-256color (Macintosh; Intel Mac OS X 22.5.0)', 'Accept-Encoding': 'gzip, deflate', 'Accept': b'application/json', 'Connection': 'keep-alive', 'Content-Type': b'application/x-www-form-urlencoded;charset=UTF-8', 'Content-Length': '387'}
2023-09-09 08:20:20,988 DEBUG    requests_oauthlib.oauth2_session Request body was grant_type=authorization_code&client_id=32555940559.apps.googleusercontent.com&client_secret=ZmssLNjJy2998hD4CTg2ejr2&code=4%2F0Adeu5BWHXgJxVlbVzmvhPwL1OOD2gO-xiI2jcglF7Hox7U8r5-SGYe0LzRv36Y2YeRebVw&redirect_uri=http%3A%2F%2Flocalhost%3A8085%2F&code_verifier=1ZfRKFzIvgVF9EE~Xtv6LpXBQtLbGK2SJQx.c3.WAv_UEdLDrdj7H7Sr3f0YneLGIWruO7Dcp1GWL-m6Lsqo8nLhERbjxxXuQ8NdpZLj9OZJvNf-qvzDInu3v_F7WNMa
2023-09-09 08:20:20,988 DEBUG    requests_oauthlib.oauth2_session Response headers were {'Expires': 'Mon, 01 Jan 1990 00:00:00 GMT', 'Pragma': 'no-cache', 'Date': 'Fri, 08 Sep 2023 23:20:20 GMT', 'Cache-Control': 'no-cache, no-store, max-age=0, must-revalidate', 'Content-Type': 'application/json; charset=utf-8', 'Vary': 'Origin, X-Origin, Referer', 'Content-Encoding': 'gzip', 'Server': 'scaffolding on HTTPServer2', 'X-XSS-Protection': '0', 'X-Frame-Options': 'SAMEORIGIN', 'X-Content-Type-Options': 'nosniff', 'Alt-Svc': 'h3=":443"; ma=2592000,h3-29=":443"; ma=2592000', 'Transfer-Encoding': 'chunked'} and content {
  "access_token": "ya29.a0AfB_byBDTrpiTZye737dPyX80pCrzuUKq8i6bHyrXAyGOGPfWfUjlFi09uETl0KVxymU7vJd5F5pPQ8DJoXQc1848GwSxuFmqj6yeHG6FKm-trC_w6_ksL7H2rXf4NC-IwGWFkGg5kX3H2wKfr9mq05Ouyfw14ujD4T2Jo4ukgaCgYKAY8SARASFQGOcNnCd-eHJlKr1EuGF_pA3N2gzA0177",
  "expires_in": 3599,
  "refresh_token": "1//0eZZXqLOWf9XVCgYIARAAGA4SNwF-L9IrJtQ3EIwrhHvcwahkT4NW65MaWKozdzyM3I6HKiqwPJeG1Dtg37l18SVbkJ4rsIPaOhs",
  "scope": "openid https://www.googleapis.com/auth/cloud-platform https://www.googleapis.com/auth/userinfo.email https://www.googleapis.com/auth/appengine.admin https://www.googleapis.com/auth/sqlservice.login https://www.googleapis.com/auth/compute https://www.googleapis.com/auth/accounts.reauth",
  "token_type": "Bearer",
  "id_token": "eyJhbGciOiJSUzI1NiIsImtpZCI6IjgzOGMwNmM2MjA0NmMyZDk0OGFmZmUxMzdkZDUzMTAxMjlmNGQ1ZDEiLCJ0eXAiOiJKV1QifQ.eyJpc3MiOiJodHRwczovL2FjY291bnRzLmdvb2dsZS5jb20iLCJhenAiOiIzMjU1NTk0MDU1OS5hcHBzLmdvb2dsZXVzZXJjb250ZW50LmNvbSIsImF1ZCI6IjMyNTU1OTQwNTU5LmFwcHMuZ29vZ2xldXNlcmNvbnRlbnQuY29tIiwic3ViIjoiMTA2MDkzNDE1MjU5NDE5MDYwMTc5IiwiZW1haWwiOiJrZW4xMnJ1Z0BnbWFpbC5jb20iLCJlbWFpbF92ZXJpZmllZCI6dHJ1ZSwiYXRfaGFzaCI6InNab3luTEoyMlM1VExjSnRsRkZ5dWciLCJpYXQiOjE2OTQyMTUyMjAsImV4cCI6MTY5NDIxODgyMH0.TrgTpXcgXjRgmsDaMJKcM9WfBnrEjAMou2YYANZSsHljBbaArHvQ8MsuPoznsAO_zq8Ew3RhGzb8-zUsBmoC9ruowMeHglt-neLzzns4-1BiBO9-Mu67TX8eR100XgMCD6CXeCzLB990H1IuWvn9Pm_N3f8ppqC-oKztxuMgCqsNGgwO2tfjfpnMmkbU5RPwljFMDFBgDQE3OphcvVWZ1zfOO37wEJhZQvQazEKPsgEO_xVplW_kUkIThtXJ5eNXYYxXoNhHi6zXLQVFbPE2W6gyAlHXI-KbRoMy1-DU3-Y89QbbiTYjIy8r9FlQIu6P8JaEWvGFNWa7-uyXVuwRSg"
}.
2023-09-09 08:20:20,988 DEBUG    requests_oauthlib.oauth2_session Invoking 0 token response hooks.
2023-09-09 08:20:20,988 DEBUG    requests_oauthlib.oauth2_session Obtained token {'access_token': 'ya29.a0AfB_byBDTrpiTZye737dPyX80pCrzuUKq8i6bHyrXAyGOGPfWfUjlFi09uETl0KVxymU7vJd5F5pPQ8DJoXQc1848GwSxuFmqj6yeHG6FKm-trC_w6_ksL7H2rXf4NC-IwGWFkGg5kX3H2wKfr9mq05Ouyfw14ujD4T2Jo4ukgaCgYKAY8SARASFQGOcNnCd-eHJlKr1EuGF_pA3N2gzA0177', 'expires_in': 3599, 'refresh_token': '1//0eZZXqLOWf9XVCgYIARAAGA4SNwF-L9IrJtQ3EIwrhHvcwahkT4NW65MaWKozdzyM3I6HKiqwPJeG1Dtg37l18SVbkJ4rsIPaOhs', 'scope': ['openid', 'https://www.googleapis.com/auth/cloud-platform', 'https://www.googleapis.com/auth/userinfo.email', 'https://www.googleapis.com/auth/appengine.admin', 'https://www.googleapis.com/auth/sqlservice.login', 'https://www.googleapis.com/auth/compute', 'https://www.googleapis.com/auth/accounts.reauth'], 'token_type': 'Bearer', 'id_token': 'eyJhbGciOiJSUzI1NiIsImtpZCI6IjgzOGMwNmM2MjA0NmMyZDk0OGFmZmUxMzdkZDUzMTAxMjlmNGQ1ZDEiLCJ0eXAiOiJKV1QifQ.eyJpc3MiOiJodHRwczovL2FjY291bnRzLmdvb2dsZS5jb20iLCJhenAiOiIzMjU1NTk0MDU1OS5hcHBzLmdvb2dsZXVzZXJjb250ZW50LmNvbSIsImF1ZCI6IjMyNTU1OTQwNTU5LmFwcHMuZ29vZ2xldXNlcmNvbnRlbnQuY29tIiwic3ViIjoiMTA2MDkzNDE1MjU5NDE5MDYwMTc5IiwiZW1haWwiOiJrZW4xMnJ1Z0BnbWFpbC5jb20iLCJlbWFpbF92ZXJpZmllZCI6dHJ1ZSwiYXRfaGFzaCI6InNab3luTEoyMlM1VExjSnRsRkZ5dWciLCJpYXQiOjE2OTQyMTUyMjAsImV4cCI6MTY5NDIxODgyMH0.TrgTpXcgXjRgmsDaMJKcM9WfBnrEjAMou2YYANZSsHljBbaArHvQ8MsuPoznsAO_zq8Ew3RhGzb8-zUsBmoC9ruowMeHglt-neLzzns4-1BiBO9-Mu67TX8eR100XgMCD6CXeCzLB990H1IuWvn9Pm_N3f8ppqC-oKztxuMgCqsNGgwO2tfjfpnMmkbU5RPwljFMDFBgDQE3OphcvVWZ1zfOO37wEJhZQvQazEKPsgEO_xVplW_kUkIThtXJ5eNXYYxXoNhHi6zXLQVFbPE2W6gyAlHXI-KbRoMy1-DU3-Y89QbbiTYjIy8r9FlQIu6P8JaEWvGFNWa7-uyXVuwRSg', 'expires_at': 1694218819.988827}.
2023-09-09 08:20:21,000 DEBUG    root            Chosen display Format:none
2023-09-09 08:20:21,001 INFO     root            Display format: "none"
2023-09-09 08:20:21,003 DEBUG    root            Checking for updates...
2023-09-09 08:20:21,009 DEBUG    urllib3.connectionpool Starting new HTTPS connection (1): dl.google.com:443
2023-09-09 08:20:21,168 DEBUG    urllib3.connectionpool https://dl.google.com:443 "GET /dl/cloudsdk/channels/rapid/components-2.json HTTP/1.1" 200 209937
2023-09-09 08:20:21,213 DEBUG    root            Updating notification cache...
2023-09-09 08:20:21,213 DEBUG    root            Activating notification: [default]
2023-09-09 08:20:21,213 INFO     ___FILE_ONLY___ 

Updates are available for some Google Cloud CLI components.  To install them,
please run:
  $ gcloud components update


2023-09-09 08:20:21,218 INFO     ___FILE_ONLY___ You are logged in as: [ken12rug@gmail.com].


2023-09-09 08:20:21,236 DEBUG    urllib3.connectionpool Starting new HTTPS connection (1): cloudresourcemanager.googleapis.com:443
2023-09-09 08:20:21,988 DEBUG    urllib3.connectionpool https://cloudresourcemanager.googleapis.com:443 "GET /v1/projects?alt=json&filter=lifecycleState%3AACTIVE&pageSize=201 HTTP/1.1" 200 None
2023-09-09 08:20:52,917 INFO     ___FILE_ONLY___ 

Command killed by keyboard interrupt


