2023-09-09 09:13:36,361 DEBUG    root            Loaded Command Group: ['gcloud', 'storage']
2023-09-09 09:13:36,363 DEBUG    root            Loaded Command Group: ['gcloud', 'storage', 'buckets']
2023-09-09 09:13:36,493 DEBUG    root            Loaded Command Group: ['gcloud', 'storage', 'buckets', 'list']
2023-09-09 09:13:36,494 DEBUG    root            Running [gcloud.storage.buckets.list] with arguments: []
2023-09-09 09:13:36,495 DEBUG    root            Chosen display Format:default
2023-09-09 09:13:36,495 INFO     root            Display format: "default"
2023-09-09 09:13:36,507 DEBUG    urllib3.connectionpool Starting new HTTPS connection (1): storage.googleapis.com:443
2023-09-09 09:13:37,090 DEBUG    urllib3.connectionpool https://storage.googleapis.com:443 "GET /storage/v1/b?alt=json&maxResults=1000&project=graphql-nest-next&projection=full HTTP/1.1" 200 3379
2023-09-09 09:13:37,101 INFO     ___FILE_ONLY___ ---
2023-09-09 09:13:37,101 INFO     ___FILE_ONLY___ 

2023-09-09 09:13:37,101 INFO     ___FILE_ONLY___ acl
2023-09-09 09:13:37,101 INFO     ___FILE_ONLY___ :
2023-09-09 09:13:37,102 INFO     ___FILE_ONLY___ 

2023-09-09 09:13:37,102 INFO     ___FILE_ONLY___ -
2023-09-09 09:13:37,102 INFO     ___FILE_ONLY___  
2023-09-09 09:13:37,102 INFO     ___FILE_ONLY___ entity
2023-09-09 09:13:37,102 INFO     ___FILE_ONLY___ :
2023-09-09 09:13:37,102 INFO     ___FILE_ONLY___  
2023-09-09 09:13:37,102 INFO     ___FILE_ONLY___ project-owners-16182530751
2023-09-09 09:13:37,102 INFO     ___FILE_ONLY___ 

2023-09-09 09:13:37,102 INFO     ___FILE_ONLY___   
2023-09-09 09:13:37,102 INFO     ___FILE_ONLY___ projectTeam
2023-09-09 09:13:37,104 INFO     ___FILE_ONLY___ :
2023-09-09 09:13:37,104 INFO     ___FILE_ONLY___ 

2023-09-09 09:13:37,104 INFO     ___FILE_ONLY___     
2023-09-09 09:13:37,104 INFO     ___FILE_ONLY___ projectNumber
2023-09-09 09:13:37,104 INFO     ___FILE_ONLY___ :
2023-09-09 09:13:37,104 INFO     ___FILE_ONLY___  '
2023-09-09 09:13:37,104 INFO     ___FILE_ONLY___ 16182530751
2023-09-09 09:13:37,104 INFO     ___FILE_ONLY___ '
2023-09-09 09:13:37,104 INFO     ___FILE_ONLY___ 

2023-09-09 09:13:37,104 INFO     ___FILE_ONLY___     
2023-09-09 09:13:37,105 INFO     ___FILE_ONLY___ team
2023-09-09 09:13:37,105 INFO     ___FILE_ONLY___ :
2023-09-09 09:13:37,105 INFO     ___FILE_ONLY___  
2023-09-09 09:13:37,105 INFO     ___FILE_ONLY___ owners
2023-09-09 09:13:37,105 INFO     ___FILE_ONLY___ 

2023-09-09 09:13:37,105 INFO     ___FILE_ONLY___   
2023-09-09 09:13:37,105 INFO     ___FILE_ONLY___ role
2023-09-09 09:13:37,105 INFO     ___FILE_ONLY___ :
2023-09-09 09:13:37,105 INFO     ___FILE_ONLY___  
2023-09-09 09:13:37,105 INFO     ___FILE_ONLY___ OWNER
2023-09-09 09:13:37,105 INFO     ___FILE_ONLY___ 

2023-09-09 09:13:37,105 INFO     ___FILE_ONLY___ -
2023-09-09 09:13:37,105 INFO     ___FILE_ONLY___  
2023-09-09 09:13:37,106 INFO     ___FILE_ONLY___ entity
2023-09-09 09:13:37,106 INFO     ___FILE_ONLY___ :
2023-09-09 09:13:37,106 INFO     ___FILE_ONLY___  
2023-09-09 09:13:37,106 INFO     ___FILE_ONLY___ project-editors-16182530751
2023-09-09 09:13:37,106 INFO     ___FILE_ONLY___ 

2023-09-09 09:13:37,106 INFO     ___FILE_ONLY___   
2023-09-09 09:13:37,106 INFO     ___FILE_ONLY___ projectTeam
2023-09-09 09:13:37,106 INFO     ___FILE_ONLY___ :
2023-09-09 09:13:37,106 INFO     ___FILE_ONLY___ 

2023-09-09 09:13:37,106 INFO     ___FILE_ONLY___     
2023-09-09 09:13:37,106 INFO     ___FILE_ONLY___ projectNumber
2023-09-09 09:13:37,106 INFO     ___FILE_ONLY___ :
2023-09-09 09:13:37,106 INFO     ___FILE_ONLY___  '
2023-09-09 09:13:37,106 INFO     ___FILE_ONLY___ 16182530751
2023-09-09 09:13:37,106 INFO     ___FILE_ONLY___ '
2023-09-09 09:13:37,107 INFO     ___FILE_ONLY___ 

2023-09-09 09:13:37,107 INFO     ___FILE_ONLY___     
2023-09-09 09:13:37,107 INFO     ___FILE_ONLY___ team
2023-09-09 09:13:37,107 INFO     ___FILE_ONLY___ :
2023-09-09 09:13:37,107 INFO     ___FILE_ONLY___  
2023-09-09 09:13:37,107 INFO     ___FILE_ONLY___ editors
2023-09-09 09:13:37,107 INFO     ___FILE_ONLY___ 

2023-09-09 09:13:37,107 INFO     ___FILE_ONLY___   
2023-09-09 09:13:37,107 INFO     ___FILE_ONLY___ role
2023-09-09 09:13:37,107 INFO     ___FILE_ONLY___ :
2023-09-09 09:13:37,107 INFO     ___FILE_ONLY___  
2023-09-09 09:13:37,107 INFO     ___FILE_ONLY___ OWNER
2023-09-09 09:13:37,107 INFO     ___FILE_ONLY___ 

2023-09-09 09:13:37,107 INFO     ___FILE_ONLY___ -
2023-09-09 09:13:37,107 INFO     ___FILE_ONLY___  
2023-09-09 09:13:37,108 INFO     ___FILE_ONLY___ entity
2023-09-09 09:13:37,108 INFO     ___FILE_ONLY___ :
2023-09-09 09:13:37,108 INFO     ___FILE_ONLY___  
2023-09-09 09:13:37,108 INFO     ___FILE_ONLY___ project-viewers-16182530751
2023-09-09 09:13:37,108 INFO     ___FILE_ONLY___ 

2023-09-09 09:13:37,108 INFO     ___FILE_ONLY___   
2023-09-09 09:13:37,108 INFO     ___FILE_ONLY___ projectTeam
2023-09-09 09:13:37,108 INFO     ___FILE_ONLY___ :
2023-09-09 09:13:37,108 INFO     ___FILE_ONLY___ 

2023-09-09 09:13:37,108 INFO     ___FILE_ONLY___     
2023-09-09 09:13:37,108 INFO     ___FILE_ONLY___ projectNumber
2023-09-09 09:13:37,108 INFO     ___FILE_ONLY___ :
2023-09-09 09:13:37,108 INFO     ___FILE_ONLY___  '
2023-09-09 09:13:37,108 INFO     ___FILE_ONLY___ 16182530751
2023-09-09 09:13:37,108 INFO     ___FILE_ONLY___ '
2023-09-09 09:13:37,108 INFO     ___FILE_ONLY___ 

2023-09-09 09:13:37,109 INFO     ___FILE_ONLY___     
2023-09-09 09:13:37,109 INFO     ___FILE_ONLY___ team
2023-09-09 09:13:37,109 INFO     ___FILE_ONLY___ :
2023-09-09 09:13:37,109 INFO     ___FILE_ONLY___  
2023-09-09 09:13:37,109 INFO     ___FILE_ONLY___ viewers
2023-09-09 09:13:37,109 INFO     ___FILE_ONLY___ 

2023-09-09 09:13:37,109 INFO     ___FILE_ONLY___   
2023-09-09 09:13:37,109 INFO     ___FILE_ONLY___ role
2023-09-09 09:13:37,109 INFO     ___FILE_ONLY___ :
2023-09-09 09:13:37,109 INFO     ___FILE_ONLY___  
2023-09-09 09:13:37,109 INFO     ___FILE_ONLY___ READER
2023-09-09 09:13:37,109 INFO     ___FILE_ONLY___ 

2023-09-09 09:13:37,109 INFO     ___FILE_ONLY___ creation_time
2023-09-09 09:13:37,110 INFO     ___FILE_ONLY___ :
2023-09-09 09:13:37,110 INFO     ___FILE_ONLY___  
2023-09-09 09:13:37,110 INFO     ___FILE_ONLY___ 2023-09-09T00:13:24+0000
2023-09-09 09:13:37,110 INFO     ___FILE_ONLY___ 

2023-09-09 09:13:37,110 INFO     ___FILE_ONLY___ default_acl
2023-09-09 09:13:37,110 INFO     ___FILE_ONLY___ :
2023-09-09 09:13:37,110 INFO     ___FILE_ONLY___ 

2023-09-09 09:13:37,111 INFO     ___FILE_ONLY___ -
2023-09-09 09:13:37,111 INFO     ___FILE_ONLY___  
2023-09-09 09:13:37,111 INFO     ___FILE_ONLY___ entity
2023-09-09 09:13:37,111 INFO     ___FILE_ONLY___ :
2023-09-09 09:13:37,111 INFO     ___FILE_ONLY___  
2023-09-09 09:13:37,111 INFO     ___FILE_ONLY___ project-owners-16182530751
2023-09-09 09:13:37,111 INFO     ___FILE_ONLY___ 

2023-09-09 09:13:37,111 INFO     ___FILE_ONLY___   
2023-09-09 09:13:37,111 INFO     ___FILE_ONLY___ projectTeam
2023-09-09 09:13:37,111 INFO     ___FILE_ONLY___ :
2023-09-09 09:13:37,111 INFO     ___FILE_ONLY___ 

2023-09-09 09:13:37,111 INFO     ___FILE_ONLY___     
2023-09-09 09:13:37,111 INFO     ___FILE_ONLY___ projectNumber
2023-09-09 09:13:37,111 INFO     ___FILE_ONLY___ :
2023-09-09 09:13:37,111 INFO     ___FILE_ONLY___  '
2023-09-09 09:13:37,112 INFO     ___FILE_ONLY___ 16182530751
2023-09-09 09:13:37,112 INFO     ___FILE_ONLY___ '
2023-09-09 09:13:37,112 INFO     ___FILE_ONLY___ 

2023-09-09 09:13:37,112 INFO     ___FILE_ONLY___     
2023-09-09 09:13:37,112 INFO     ___FILE_ONLY___ team
2023-09-09 09:13:37,112 INFO     ___FILE_ONLY___ :
2023-09-09 09:13:37,112 INFO     ___FILE_ONLY___  
2023-09-09 09:13:37,112 INFO     ___FILE_ONLY___ owners
2023-09-09 09:13:37,112 INFO     ___FILE_ONLY___ 

2023-09-09 09:13:37,112 INFO     ___FILE_ONLY___   
2023-09-09 09:13:37,112 INFO     ___FILE_ONLY___ role
2023-09-09 09:13:37,112 INFO     ___FILE_ONLY___ :
2023-09-09 09:13:37,112 INFO     ___FILE_ONLY___  
2023-09-09 09:13:37,112 INFO     ___FILE_ONLY___ OWNER
2023-09-09 09:13:37,112 INFO     ___FILE_ONLY___ 

2023-09-09 09:13:37,112 INFO     ___FILE_ONLY___ -
2023-09-09 09:13:37,112 INFO     ___FILE_ONLY___  
2023-09-09 09:13:37,113 INFO     ___FILE_ONLY___ entity
2023-09-09 09:13:37,113 INFO     ___FILE_ONLY___ :
2023-09-09 09:13:37,113 INFO     ___FILE_ONLY___  
2023-09-09 09:13:37,113 INFO     ___FILE_ONLY___ project-editors-16182530751
2023-09-09 09:13:37,113 INFO     ___FILE_ONLY___ 

2023-09-09 09:13:37,113 INFO     ___FILE_ONLY___   
2023-09-09 09:13:37,113 INFO     ___FILE_ONLY___ projectTeam
2023-09-09 09:13:37,113 INFO     ___FILE_ONLY___ :
2023-09-09 09:13:37,113 INFO     ___FILE_ONLY___ 

2023-09-09 09:13:37,113 INFO     ___FILE_ONLY___     
2023-09-09 09:13:37,113 INFO     ___FILE_ONLY___ projectNumber
2023-09-09 09:13:37,113 INFO     ___FILE_ONLY___ :
2023-09-09 09:13:37,113 INFO     ___FILE_ONLY___  '
2023-09-09 09:13:37,113 INFO     ___FILE_ONLY___ 16182530751
2023-09-09 09:13:37,113 INFO     ___FILE_ONLY___ '
2023-09-09 09:13:37,113 INFO     ___FILE_ONLY___ 

2023-09-09 09:13:37,113 INFO     ___FILE_ONLY___     
2023-09-09 09:13:37,114 INFO     ___FILE_ONLY___ team
2023-09-09 09:13:37,114 INFO     ___FILE_ONLY___ :
2023-09-09 09:13:37,114 INFO     ___FILE_ONLY___  
2023-09-09 09:13:37,114 INFO     ___FILE_ONLY___ editors
2023-09-09 09:13:37,114 INFO     ___FILE_ONLY___ 

2023-09-09 09:13:37,114 INFO     ___FILE_ONLY___   
2023-09-09 09:13:37,114 INFO     ___FILE_ONLY___ role
2023-09-09 09:13:37,114 INFO     ___FILE_ONLY___ :
2023-09-09 09:13:37,114 INFO     ___FILE_ONLY___  
2023-09-09 09:13:37,114 INFO     ___FILE_ONLY___ OWNER
2023-09-09 09:13:37,114 INFO     ___FILE_ONLY___ 

2023-09-09 09:13:37,114 INFO     ___FILE_ONLY___ -
2023-09-09 09:13:37,114 INFO     ___FILE_ONLY___  
2023-09-09 09:13:37,114 INFO     ___FILE_ONLY___ entity
2023-09-09 09:13:37,114 INFO     ___FILE_ONLY___ :
2023-09-09 09:13:37,114 INFO     ___FILE_ONLY___  
2023-09-09 09:13:37,114 INFO     ___FILE_ONLY___ project-viewers-16182530751
2023-09-09 09:13:37,114 INFO     ___FILE_ONLY___ 

2023-09-09 09:13:37,114 INFO     ___FILE_ONLY___   
2023-09-09 09:13:37,115 INFO     ___FILE_ONLY___ projectTeam
2023-09-09 09:13:37,115 INFO     ___FILE_ONLY___ :
2023-09-09 09:13:37,115 INFO     ___FILE_ONLY___ 

2023-09-09 09:13:37,115 INFO     ___FILE_ONLY___     
2023-09-09 09:13:37,115 INFO     ___FILE_ONLY___ projectNumber
2023-09-09 09:13:37,115 INFO     ___FILE_ONLY___ :
2023-09-09 09:13:37,115 INFO     ___FILE_ONLY___  '
2023-09-09 09:13:37,115 INFO     ___FILE_ONLY___ 16182530751
2023-09-09 09:13:37,115 INFO     ___FILE_ONLY___ '
2023-09-09 09:13:37,115 INFO     ___FILE_ONLY___ 

2023-09-09 09:13:37,115 INFO     ___FILE_ONLY___     
2023-09-09 09:13:37,115 INFO     ___FILE_ONLY___ team
2023-09-09 09:13:37,115 INFO     ___FILE_ONLY___ :
2023-09-09 09:13:37,115 INFO     ___FILE_ONLY___  
2023-09-09 09:13:37,115 INFO     ___FILE_ONLY___ viewers
2023-09-09 09:13:37,115 INFO     ___FILE_ONLY___ 

2023-09-09 09:13:37,115 INFO     ___FILE_ONLY___   
2023-09-09 09:13:37,115 INFO     ___FILE_ONLY___ role
2023-09-09 09:13:37,115 INFO     ___FILE_ONLY___ :
2023-09-09 09:13:37,116 INFO     ___FILE_ONLY___  
2023-09-09 09:13:37,116 INFO     ___FILE_ONLY___ READER
2023-09-09 09:13:37,116 INFO     ___FILE_ONLY___ 

2023-09-09 09:13:37,116 INFO     ___FILE_ONLY___ default_storage_class
2023-09-09 09:13:37,116 INFO     ___FILE_ONLY___ :
2023-09-09 09:13:37,116 INFO     ___FILE_ONLY___  
2023-09-09 09:13:37,116 INFO     ___FILE_ONLY___ STANDARD
2023-09-09 09:13:37,116 INFO     ___FILE_ONLY___ 

2023-09-09 09:13:37,116 INFO     ___FILE_ONLY___ location
2023-09-09 09:13:37,116 INFO     ___FILE_ONLY___ :
2023-09-09 09:13:37,116 INFO     ___FILE_ONLY___  
2023-09-09 09:13:37,116 INFO     ___FILE_ONLY___ US
2023-09-09 09:13:37,116 INFO     ___FILE_ONLY___ 

2023-09-09 09:13:37,116 INFO     ___FILE_ONLY___ location_type
2023-09-09 09:13:37,116 INFO     ___FILE_ONLY___ :
2023-09-09 09:13:37,116 INFO     ___FILE_ONLY___  
2023-09-09 09:13:37,116 INFO     ___FILE_ONLY___ multi-region
2023-09-09 09:13:37,116 INFO     ___FILE_ONLY___ 

2023-09-09 09:13:37,117 INFO     ___FILE_ONLY___ metageneration
2023-09-09 09:13:37,117 INFO     ___FILE_ONLY___ :
2023-09-09 09:13:37,117 INFO     ___FILE_ONLY___  
2023-09-09 09:13:37,117 INFO     ___FILE_ONLY___ 1
2023-09-09 09:13:37,117 INFO     ___FILE_ONLY___ 

2023-09-09 09:13:37,117 INFO     ___FILE_ONLY___ name
2023-09-09 09:13:37,117 INFO     ___FILE_ONLY___ :
2023-09-09 09:13:37,117 INFO     ___FILE_ONLY___  
2023-09-09 09:13:37,117 INFO     ___FILE_ONLY___ backend-frontend-training
2023-09-09 09:13:37,117 INFO     ___FILE_ONLY___ 

2023-09-09 09:13:37,117 INFO     ___FILE_ONLY___ public_access_prevention
2023-09-09 09:13:37,117 INFO     ___FILE_ONLY___ :
2023-09-09 09:13:37,117 INFO     ___FILE_ONLY___  
2023-09-09 09:13:37,117 INFO     ___FILE_ONLY___ inherited
2023-09-09 09:13:37,117 INFO     ___FILE_ONLY___ 

2023-09-09 09:13:37,117 INFO     ___FILE_ONLY___ rpo
2023-09-09 09:13:37,117 INFO     ___FILE_ONLY___ :
2023-09-09 09:13:37,117 INFO     ___FILE_ONLY___  
2023-09-09 09:13:37,118 INFO     ___FILE_ONLY___ DEFAULT
2023-09-09 09:13:37,118 INFO     ___FILE_ONLY___ 

2023-09-09 09:13:37,118 INFO     ___FILE_ONLY___ storage_url
2023-09-09 09:13:37,118 INFO     ___FILE_ONLY___ :
2023-09-09 09:13:37,118 INFO     ___FILE_ONLY___  
2023-09-09 09:13:37,118 INFO     ___FILE_ONLY___ gs://backend-frontend-training/
2023-09-09 09:13:37,118 INFO     ___FILE_ONLY___ 

2023-09-09 09:13:37,118 INFO     ___FILE_ONLY___ uniform_bucket_level_access
2023-09-09 09:13:37,118 INFO     ___FILE_ONLY___ :
2023-09-09 09:13:37,118 INFO     ___FILE_ONLY___  
2023-09-09 09:13:37,118 INFO     ___FILE_ONLY___ false
2023-09-09 09:13:37,118 INFO     ___FILE_ONLY___ 

2023-09-09 09:13:37,118 INFO     ___FILE_ONLY___ update_time
2023-09-09 09:13:37,118 INFO     ___FILE_ONLY___ :
2023-09-09 09:13:37,118 INFO     ___FILE_ONLY___  
2023-09-09 09:13:37,118 INFO     ___FILE_ONLY___ 2023-09-09T00:13:24+0000
2023-09-09 09:13:37,118 INFO     ___FILE_ONLY___ 

2023-09-09 09:13:37,125 DEBUG    root            Metrics reporting process started...
